<?xml version="1.0"?>
<ns2:test-suite xmlns="" xmlns:ns2="urn:model.allure.qatools.yandex.ru" start="1564570973270" stop="1564570973274">
  <name>Api - Acceptance Criteria</name>
  <title>Api - Acceptance Criteria</title>
  <test-cases>
    <test-case start="1564570973270" stop="1564570973270" status="broken">
      <name>Api - Acceptance Criteria The calculated borrower schedule must comply with the duration in months that was given as input</name>
      <title>Api - Acceptance Criteria The calculated borrower schedule must comply with the duration in months that was given as input</title>
      <failure>
        <message>uninitialized constant Utility::Common</message>
        <stack-trace>/Users/user/Downloads/Ruby_Api_test/spec/skills/normalize_skillname_spec.rb:7:in `block (2 levels) in &lt;top (required)&gt;'&#xD;
/Users/user/.rvm/gems/ruby-2.5.2/gems/rspec-core-3.7.1/lib/rspec/core/hooks.rb:350:in `instance_exec'&#xD;
/Users/user/.rvm/gems/ruby-2.5.2/gems/rspec-core-3.7.1/lib/rspec/core/hooks.rb:350:in `run'&#xD;
/Users/user/.rvm/gems/ruby-2.5.2/gems/rspec-core-3.7.1/lib/rspec/core/hooks.rb:509:in `block in run_owned_hooks_for'&#xD;
/Users/user/.rvm/gems/ruby-2.5.2/gems/rspec-core-3.7.1/lib/rspec/core/hooks.rb:508:in `each'&#xD;
/Users/user/.rvm/gems/ruby-2.5.2/gems/rspec-core-3.7.1/lib/rspec/core/hooks.rb:508:in `run_owned_hooks_for'&#xD;
/Users/user/.rvm/gems/ruby-2.5.2/gems/rspec-core-3.7.1/lib/rspec/core/hooks.rb:460:in `run'&#xD;
/Users/user/.rvm/gems/ruby-2.5.2/gems/allure-rspec-0.8.0/lib/allure-rspec/hooks.rb:33:in `run'&#xD;
/Users/user/.rvm/gems/ruby-2.5.2/gems/rspec-core-3.7.1/lib/rspec/core/example_group.rb:537:in `block in run_before_context_hooks'&#xD;
/Users/user/.rvm/gems/ruby-2.5.2/gems/rspec-core-3.7.1/lib/rspec/core/memoized_helpers.rb:186:in `block in isolate_for_context_hook'&#xD;
/Users/user/.rvm/gems/ruby-2.5.2/gems/rspec-core-3.7.1/lib/rspec/core/memoized_helpers.rb:182:in `instance_exec'&#xD;
/Users/user/.rvm/gems/ruby-2.5.2/gems/rspec-core-3.7.1/lib/rspec/core/memoized_helpers.rb:182:in `isolate_for_context_hook'&#xD;
/Users/user/.rvm/gems/ruby-2.5.2/gems/rspec-core-3.7.1/lib/rspec/core/example_group.rb:536:in `run_before_context_hooks'&#xD;
/Users/user/.rvm/gems/ruby-2.5.2/gems/rspec-core-3.7.1/lib/rspec/core/example_group.rb:589:in `run'&#xD;
/Users/user/.rvm/gems/ruby-2.5.2/gems/rspec-core-3.7.1/lib/rspec/core/runner.rb:118:in `block (3 levels) in run_specs'&#xD;
/Users/user/.rvm/gems/ruby-2.5.2/gems/rspec-core-3.7.1/lib/rspec/core/runner.rb:118:in `map'&#xD;
/Users/user/.rvm/gems/ruby-2.5.2/gems/rspec-core-3.7.1/lib/rspec/core/runner.rb:118:in `block (2 levels) in run_specs'&#xD;
/Users/user/.rvm/gems/ruby-2.5.2/gems/rspec-core-3.7.1/lib/rspec/core/configuration.rb:1926:in `with_suite_hooks'&#xD;
/Users/user/.rvm/gems/ruby-2.5.2/gems/rspec-core-3.7.1/lib/rspec/core/runner.rb:113:in `block in run_specs'&#xD;
/Users/user/.rvm/gems/ruby-2.5.2/gems/rspec-core-3.7.1/lib/rspec/core/reporter.rb:79:in `report'&#xD;
/Users/user/.rvm/gems/ruby-2.5.2/gems/rspec-core-3.7.1/lib/rspec/core/runner.rb:112:in `run_specs'&#xD;
/Users/user/.rvm/gems/ruby-2.5.2/gems/rspec-core-3.7.1/lib/rspec/core/runner.rb:87:in `run'&#xD;
/Users/user/.rvm/gems/ruby-2.5.2/gems/rspec-core-3.7.1/lib/rspec/core/runner.rb:71:in `run'&#xD;
/Users/user/.rvm/gems/ruby-2.5.2/gems/rspec-core-3.7.1/lib/rspec/core/runner.rb:45:in `invoke'&#xD;
/Users/user/.rvm/gems/ruby-2.5.2/gems/rspec-core-3.7.1/exe/rspec:4:in `&lt;top (required)&gt;'&#xD;
/Users/user/.rvm/gems/ruby-2.5.2/bin/rspec:23:in `load'&#xD;
/Users/user/.rvm/gems/ruby-2.5.2/bin/rspec:23:in `&lt;main&gt;'&#xD;
/Users/user/.rvm/gems/ruby-2.5.2/bin/ruby_executable_hooks:24:in `eval'&#xD;
/Users/user/.rvm/gems/ruby-2.5.2/bin/ruby_executable_hooks:24:in `&lt;main&gt;'</stack-trace>
      </failure>
      <steps/>
      <attachments/>
      <labels>
        <label name="thread" value="70132248596060"/>
        <label name="host" value="FDLMC1414.local"/>
      </labels>
      <parameters/>
    </test-case>
    <test-case start="1564570973273" stop="1564570973273" status="broken">
      <name>Api - Acceptance Criteria The total payment amount per month in a borrower schedule should equal the value from the annuity call</name>
      <title>Api - Acceptance Criteria The total payment amount per month in a borrower schedule should equal the value from the annuity call</title>
      <failure>
        <message>uninitialized constant Utility::Common</message>
        <stack-trace>/Users/user/Downloads/Ruby_Api_test/spec/skills/normalize_skillname_spec.rb:7:in `block (2 levels) in &lt;top (required)&gt;'&#xD;
/Users/user/.rvm/gems/ruby-2.5.2/gems/rspec-core-3.7.1/lib/rspec/core/hooks.rb:350:in `instance_exec'&#xD;
/Users/user/.rvm/gems/ruby-2.5.2/gems/rspec-core-3.7.1/lib/rspec/core/hooks.rb:350:in `run'&#xD;
/Users/user/.rvm/gems/ruby-2.5.2/gems/rspec-core-3.7.1/lib/rspec/core/hooks.rb:509:in `block in run_owned_hooks_for'&#xD;
/Users/user/.rvm/gems/ruby-2.5.2/gems/rspec-core-3.7.1/lib/rspec/core/hooks.rb:508:in `each'&#xD;
/Users/user/.rvm/gems/ruby-2.5.2/gems/rspec-core-3.7.1/lib/rspec/core/hooks.rb:508:in `run_owned_hooks_for'&#xD;
/Users/user/.rvm/gems/ruby-2.5.2/gems/rspec-core-3.7.1/lib/rspec/core/hooks.rb:460:in `run'&#xD;
/Users/user/.rvm/gems/ruby-2.5.2/gems/allure-rspec-0.8.0/lib/allure-rspec/hooks.rb:33:in `run'&#xD;
/Users/user/.rvm/gems/ruby-2.5.2/gems/rspec-core-3.7.1/lib/rspec/core/example_group.rb:537:in `block in run_before_context_hooks'&#xD;
/Users/user/.rvm/gems/ruby-2.5.2/gems/rspec-core-3.7.1/lib/rspec/core/memoized_helpers.rb:186:in `block in isolate_for_context_hook'&#xD;
/Users/user/.rvm/gems/ruby-2.5.2/gems/rspec-core-3.7.1/lib/rspec/core/memoized_helpers.rb:182:in `instance_exec'&#xD;
/Users/user/.rvm/gems/ruby-2.5.2/gems/rspec-core-3.7.1/lib/rspec/core/memoized_helpers.rb:182:in `isolate_for_context_hook'&#xD;
/Users/user/.rvm/gems/ruby-2.5.2/gems/rspec-core-3.7.1/lib/rspec/core/example_group.rb:536:in `run_before_context_hooks'&#xD;
/Users/user/.rvm/gems/ruby-2.5.2/gems/rspec-core-3.7.1/lib/rspec/core/example_group.rb:589:in `run'&#xD;
/Users/user/.rvm/gems/ruby-2.5.2/gems/rspec-core-3.7.1/lib/rspec/core/runner.rb:118:in `block (3 levels) in run_specs'&#xD;
/Users/user/.rvm/gems/ruby-2.5.2/gems/rspec-core-3.7.1/lib/rspec/core/runner.rb:118:in `map'&#xD;
/Users/user/.rvm/gems/ruby-2.5.2/gems/rspec-core-3.7.1/lib/rspec/core/runner.rb:118:in `block (2 levels) in run_specs'&#xD;
/Users/user/.rvm/gems/ruby-2.5.2/gems/rspec-core-3.7.1/lib/rspec/core/configuration.rb:1926:in `with_suite_hooks'&#xD;
/Users/user/.rvm/gems/ruby-2.5.2/gems/rspec-core-3.7.1/lib/rspec/core/runner.rb:113:in `block in run_specs'&#xD;
/Users/user/.rvm/gems/ruby-2.5.2/gems/rspec-core-3.7.1/lib/rspec/core/reporter.rb:79:in `report'&#xD;
/Users/user/.rvm/gems/ruby-2.5.2/gems/rspec-core-3.7.1/lib/rspec/core/runner.rb:112:in `run_specs'&#xD;
/Users/user/.rvm/gems/ruby-2.5.2/gems/rspec-core-3.7.1/lib/rspec/core/runner.rb:87:in `run'&#xD;
/Users/user/.rvm/gems/ruby-2.5.2/gems/rspec-core-3.7.1/lib/rspec/core/runner.rb:71:in `run'&#xD;
/Users/user/.rvm/gems/ruby-2.5.2/gems/rspec-core-3.7.1/lib/rspec/core/runner.rb:45:in `invoke'&#xD;
/Users/user/.rvm/gems/ruby-2.5.2/gems/rspec-core-3.7.1/exe/rspec:4:in `&lt;top (required)&gt;'&#xD;
/Users/user/.rvm/gems/ruby-2.5.2/bin/rspec:23:in `load'&#xD;
/Users/user/.rvm/gems/ruby-2.5.2/bin/rspec:23:in `&lt;main&gt;'&#xD;
/Users/user/.rvm/gems/ruby-2.5.2/bin/ruby_executable_hooks:24:in `eval'&#xD;
/Users/user/.rvm/gems/ruby-2.5.2/bin/ruby_executable_hooks:24:in `&lt;main&gt;'</stack-trace>
      </failure>
      <steps/>
      <attachments/>
      <labels>
        <label name="thread" value="70132248596060"/>
        <label name="host" value="FDLMC1414.local"/>
      </labels>
      <parameters/>
    </test-case>
    <test-case start="1564570973273" stop="1564570973273" status="broken">
      <name>Api - Acceptance Criteria The start date determines the first due date of the calculated schedule. We assume that each schedule entry is always due on the same day (i.e. start date 25.01.18 --&gt; first due date 25.02.18). If the day of the start date does not exist in one of the following months, for that installment (schedule entry) the due date must use the next available calendar day. This must not influence any follow-up schedule entry</name>
      <title>Api - Acceptance Criteria The start date determines the first due date of the calculated schedule. We assume that each schedule entry is always due on the same day (i.e. start date 25.01.18 --&gt; first due date 25.02.18). If the day of the start date does not exist in one of the following months, for that installment (schedule entry) the due date must use the next available calendar day. This must not influence any follow-up schedule entry</title>
      <failure>
        <message>uninitialized constant Utility::Common</message>
        <stack-trace>/Users/user/Downloads/Ruby_Api_test/spec/skills/normalize_skillname_spec.rb:7:in `block (2 levels) in &lt;top (required)&gt;'&#xD;
/Users/user/.rvm/gems/ruby-2.5.2/gems/rspec-core-3.7.1/lib/rspec/core/hooks.rb:350:in `instance_exec'&#xD;
/Users/user/.rvm/gems/ruby-2.5.2/gems/rspec-core-3.7.1/lib/rspec/core/hooks.rb:350:in `run'&#xD;
/Users/user/.rvm/gems/ruby-2.5.2/gems/rspec-core-3.7.1/lib/rspec/core/hooks.rb:509:in `block in run_owned_hooks_for'&#xD;
/Users/user/.rvm/gems/ruby-2.5.2/gems/rspec-core-3.7.1/lib/rspec/core/hooks.rb:508:in `each'&#xD;
/Users/user/.rvm/gems/ruby-2.5.2/gems/rspec-core-3.7.1/lib/rspec/core/hooks.rb:508:in `run_owned_hooks_for'&#xD;
/Users/user/.rvm/gems/ruby-2.5.2/gems/rspec-core-3.7.1/lib/rspec/core/hooks.rb:460:in `run'&#xD;
/Users/user/.rvm/gems/ruby-2.5.2/gems/allure-rspec-0.8.0/lib/allure-rspec/hooks.rb:33:in `run'&#xD;
/Users/user/.rvm/gems/ruby-2.5.2/gems/rspec-core-3.7.1/lib/rspec/core/example_group.rb:537:in `block in run_before_context_hooks'&#xD;
/Users/user/.rvm/gems/ruby-2.5.2/gems/rspec-core-3.7.1/lib/rspec/core/memoized_helpers.rb:186:in `block in isolate_for_context_hook'&#xD;
/Users/user/.rvm/gems/ruby-2.5.2/gems/rspec-core-3.7.1/lib/rspec/core/memoized_helpers.rb:182:in `instance_exec'&#xD;
/Users/user/.rvm/gems/ruby-2.5.2/gems/rspec-core-3.7.1/lib/rspec/core/memoized_helpers.rb:182:in `isolate_for_context_hook'&#xD;
/Users/user/.rvm/gems/ruby-2.5.2/gems/rspec-core-3.7.1/lib/rspec/core/example_group.rb:536:in `run_before_context_hooks'&#xD;
/Users/user/.rvm/gems/ruby-2.5.2/gems/rspec-core-3.7.1/lib/rspec/core/example_group.rb:589:in `run'&#xD;
/Users/user/.rvm/gems/ruby-2.5.2/gems/rspec-core-3.7.1/lib/rspec/core/runner.rb:118:in `block (3 levels) in run_specs'&#xD;
/Users/user/.rvm/gems/ruby-2.5.2/gems/rspec-core-3.7.1/lib/rspec/core/runner.rb:118:in `map'&#xD;
/Users/user/.rvm/gems/ruby-2.5.2/gems/rspec-core-3.7.1/lib/rspec/core/runner.rb:118:in `block (2 levels) in run_specs'&#xD;
/Users/user/.rvm/gems/ruby-2.5.2/gems/rspec-core-3.7.1/lib/rspec/core/configuration.rb:1926:in `with_suite_hooks'&#xD;
/Users/user/.rvm/gems/ruby-2.5.2/gems/rspec-core-3.7.1/lib/rspec/core/runner.rb:113:in `block in run_specs'&#xD;
/Users/user/.rvm/gems/ruby-2.5.2/gems/rspec-core-3.7.1/lib/rspec/core/reporter.rb:79:in `report'&#xD;
/Users/user/.rvm/gems/ruby-2.5.2/gems/rspec-core-3.7.1/lib/rspec/core/runner.rb:112:in `run_specs'&#xD;
/Users/user/.rvm/gems/ruby-2.5.2/gems/rspec-core-3.7.1/lib/rspec/core/runner.rb:87:in `run'&#xD;
/Users/user/.rvm/gems/ruby-2.5.2/gems/rspec-core-3.7.1/lib/rspec/core/runner.rb:71:in `run'&#xD;
/Users/user/.rvm/gems/ruby-2.5.2/gems/rspec-core-3.7.1/lib/rspec/core/runner.rb:45:in `invoke'&#xD;
/Users/user/.rvm/gems/ruby-2.5.2/gems/rspec-core-3.7.1/exe/rspec:4:in `&lt;top (required)&gt;'&#xD;
/Users/user/.rvm/gems/ruby-2.5.2/bin/rspec:23:in `load'&#xD;
/Users/user/.rvm/gems/ruby-2.5.2/bin/rspec:23:in `&lt;main&gt;'&#xD;
/Users/user/.rvm/gems/ruby-2.5.2/bin/ruby_executable_hooks:24:in `eval'&#xD;
/Users/user/.rvm/gems/ruby-2.5.2/bin/ruby_executable_hooks:24:in `&lt;main&gt;'</stack-trace>
      </failure>
      <steps/>
      <attachments/>
      <labels>
        <label name="thread" value="70132248596060"/>
        <label name="host" value="FDLMC1414.local"/>
      </labels>
      <parameters/>
    </test-case>
    <test-case start="1564570973273" stop="1564570973273" status="broken">
      <name>Api - Acceptance Criteria The interest calculation complies with a simplified version of a 30/360 day count convention. (Every full month is counted as 30 days)</name>
      <title>Api - Acceptance Criteria The interest calculation complies with a simplified version of a 30/360 day count convention. (Every full month is counted as 30 days)</title>
      <failure>
        <message>uninitialized constant Utility::Common</message>
        <stack-trace>/Users/user/Downloads/Ruby_Api_test/spec/skills/normalize_skillname_spec.rb:7:in `block (2 levels) in &lt;top (required)&gt;'&#xD;
/Users/user/.rvm/gems/ruby-2.5.2/gems/rspec-core-3.7.1/lib/rspec/core/hooks.rb:350:in `instance_exec'&#xD;
/Users/user/.rvm/gems/ruby-2.5.2/gems/rspec-core-3.7.1/lib/rspec/core/hooks.rb:350:in `run'&#xD;
/Users/user/.rvm/gems/ruby-2.5.2/gems/rspec-core-3.7.1/lib/rspec/core/hooks.rb:509:in `block in run_owned_hooks_for'&#xD;
/Users/user/.rvm/gems/ruby-2.5.2/gems/rspec-core-3.7.1/lib/rspec/core/hooks.rb:508:in `each'&#xD;
/Users/user/.rvm/gems/ruby-2.5.2/gems/rspec-core-3.7.1/lib/rspec/core/hooks.rb:508:in `run_owned_hooks_for'&#xD;
/Users/user/.rvm/gems/ruby-2.5.2/gems/rspec-core-3.7.1/lib/rspec/core/hooks.rb:460:in `run'&#xD;
/Users/user/.rvm/gems/ruby-2.5.2/gems/allure-rspec-0.8.0/lib/allure-rspec/hooks.rb:33:in `run'&#xD;
/Users/user/.rvm/gems/ruby-2.5.2/gems/rspec-core-3.7.1/lib/rspec/core/example_group.rb:537:in `block in run_before_context_hooks'&#xD;
/Users/user/.rvm/gems/ruby-2.5.2/gems/rspec-core-3.7.1/lib/rspec/core/memoized_helpers.rb:186:in `block in isolate_for_context_hook'&#xD;
/Users/user/.rvm/gems/ruby-2.5.2/gems/rspec-core-3.7.1/lib/rspec/core/memoized_helpers.rb:182:in `instance_exec'&#xD;
/Users/user/.rvm/gems/ruby-2.5.2/gems/rspec-core-3.7.1/lib/rspec/core/memoized_helpers.rb:182:in `isolate_for_context_hook'&#xD;
/Users/user/.rvm/gems/ruby-2.5.2/gems/rspec-core-3.7.1/lib/rspec/core/example_group.rb:536:in `run_before_context_hooks'&#xD;
/Users/user/.rvm/gems/ruby-2.5.2/gems/rspec-core-3.7.1/lib/rspec/core/example_group.rb:589:in `run'&#xD;
/Users/user/.rvm/gems/ruby-2.5.2/gems/rspec-core-3.7.1/lib/rspec/core/runner.rb:118:in `block (3 levels) in run_specs'&#xD;
/Users/user/.rvm/gems/ruby-2.5.2/gems/rspec-core-3.7.1/lib/rspec/core/runner.rb:118:in `map'&#xD;
/Users/user/.rvm/gems/ruby-2.5.2/gems/rspec-core-3.7.1/lib/rspec/core/runner.rb:118:in `block (2 levels) in run_specs'&#xD;
/Users/user/.rvm/gems/ruby-2.5.2/gems/rspec-core-3.7.1/lib/rspec/core/configuration.rb:1926:in `with_suite_hooks'&#xD;
/Users/user/.rvm/gems/ruby-2.5.2/gems/rspec-core-3.7.1/lib/rspec/core/runner.rb:113:in `block in run_specs'&#xD;
/Users/user/.rvm/gems/ruby-2.5.2/gems/rspec-core-3.7.1/lib/rspec/core/reporter.rb:79:in `report'&#xD;
/Users/user/.rvm/gems/ruby-2.5.2/gems/rspec-core-3.7.1/lib/rspec/core/runner.rb:112:in `run_specs'&#xD;
/Users/user/.rvm/gems/ruby-2.5.2/gems/rspec-core-3.7.1/lib/rspec/core/runner.rb:87:in `run'&#xD;
/Users/user/.rvm/gems/ruby-2.5.2/gems/rspec-core-3.7.1/lib/rspec/core/runner.rb:71:in `run'&#xD;
/Users/user/.rvm/gems/ruby-2.5.2/gems/rspec-core-3.7.1/lib/rspec/core/runner.rb:45:in `invoke'&#xD;
/Users/user/.rvm/gems/ruby-2.5.2/gems/rspec-core-3.7.1/exe/rspec:4:in `&lt;top (required)&gt;'&#xD;
/Users/user/.rvm/gems/ruby-2.5.2/bin/rspec:23:in `load'&#xD;
/Users/user/.rvm/gems/ruby-2.5.2/bin/rspec:23:in `&lt;main&gt;'&#xD;
/Users/user/.rvm/gems/ruby-2.5.2/bin/ruby_executable_hooks:24:in `eval'&#xD;
/Users/user/.rvm/gems/ruby-2.5.2/bin/ruby_executable_hooks:24:in `&lt;main&gt;'</stack-trace>
      </failure>
      <steps/>
      <attachments/>
      <labels>
        <label name="thread" value="70132248596060"/>
        <label name="host" value="FDLMC1414.local"/>
      </labels>
      <parameters/>
    </test-case>
    <test-case start="1564570973273" stop="1564570973273" status="broken">
      <name>Api - Acceptance Criteria If there are installments which do not cover a full month, every day has to be taken into account for interest calculation</name>
      <title>Api - Acceptance Criteria If there are installments which do not cover a full month, every day has to be taken into account for interest calculation</title>
      <failure>
        <message>uninitialized constant Utility::Common</message>
        <stack-trace>/Users/user/Downloads/Ruby_Api_test/spec/skills/normalize_skillname_spec.rb:7:in `block (2 levels) in &lt;top (required)&gt;'&#xD;
/Users/user/.rvm/gems/ruby-2.5.2/gems/rspec-core-3.7.1/lib/rspec/core/hooks.rb:350:in `instance_exec'&#xD;
/Users/user/.rvm/gems/ruby-2.5.2/gems/rspec-core-3.7.1/lib/rspec/core/hooks.rb:350:in `run'&#xD;
/Users/user/.rvm/gems/ruby-2.5.2/gems/rspec-core-3.7.1/lib/rspec/core/hooks.rb:509:in `block in run_owned_hooks_for'&#xD;
/Users/user/.rvm/gems/ruby-2.5.2/gems/rspec-core-3.7.1/lib/rspec/core/hooks.rb:508:in `each'&#xD;
/Users/user/.rvm/gems/ruby-2.5.2/gems/rspec-core-3.7.1/lib/rspec/core/hooks.rb:508:in `run_owned_hooks_for'&#xD;
/Users/user/.rvm/gems/ruby-2.5.2/gems/rspec-core-3.7.1/lib/rspec/core/hooks.rb:460:in `run'&#xD;
/Users/user/.rvm/gems/ruby-2.5.2/gems/allure-rspec-0.8.0/lib/allure-rspec/hooks.rb:33:in `run'&#xD;
/Users/user/.rvm/gems/ruby-2.5.2/gems/rspec-core-3.7.1/lib/rspec/core/example_group.rb:537:in `block in run_before_context_hooks'&#xD;
/Users/user/.rvm/gems/ruby-2.5.2/gems/rspec-core-3.7.1/lib/rspec/core/memoized_helpers.rb:186:in `block in isolate_for_context_hook'&#xD;
/Users/user/.rvm/gems/ruby-2.5.2/gems/rspec-core-3.7.1/lib/rspec/core/memoized_helpers.rb:182:in `instance_exec'&#xD;
/Users/user/.rvm/gems/ruby-2.5.2/gems/rspec-core-3.7.1/lib/rspec/core/memoized_helpers.rb:182:in `isolate_for_context_hook'&#xD;
/Users/user/.rvm/gems/ruby-2.5.2/gems/rspec-core-3.7.1/lib/rspec/core/example_group.rb:536:in `run_before_context_hooks'&#xD;
/Users/user/.rvm/gems/ruby-2.5.2/gems/rspec-core-3.7.1/lib/rspec/core/example_group.rb:589:in `run'&#xD;
/Users/user/.rvm/gems/ruby-2.5.2/gems/rspec-core-3.7.1/lib/rspec/core/runner.rb:118:in `block (3 levels) in run_specs'&#xD;
/Users/user/.rvm/gems/ruby-2.5.2/gems/rspec-core-3.7.1/lib/rspec/core/runner.rb:118:in `map'&#xD;
/Users/user/.rvm/gems/ruby-2.5.2/gems/rspec-core-3.7.1/lib/rspec/core/runner.rb:118:in `block (2 levels) in run_specs'&#xD;
/Users/user/.rvm/gems/ruby-2.5.2/gems/rspec-core-3.7.1/lib/rspec/core/configuration.rb:1926:in `with_suite_hooks'&#xD;
/Users/user/.rvm/gems/ruby-2.5.2/gems/rspec-core-3.7.1/lib/rspec/core/runner.rb:113:in `block in run_specs'&#xD;
/Users/user/.rvm/gems/ruby-2.5.2/gems/rspec-core-3.7.1/lib/rspec/core/reporter.rb:79:in `report'&#xD;
/Users/user/.rvm/gems/ruby-2.5.2/gems/rspec-core-3.7.1/lib/rspec/core/runner.rb:112:in `run_specs'&#xD;
/Users/user/.rvm/gems/ruby-2.5.2/gems/rspec-core-3.7.1/lib/rspec/core/runner.rb:87:in `run'&#xD;
/Users/user/.rvm/gems/ruby-2.5.2/gems/rspec-core-3.7.1/lib/rspec/core/runner.rb:71:in `run'&#xD;
/Users/user/.rvm/gems/ruby-2.5.2/gems/rspec-core-3.7.1/lib/rspec/core/runner.rb:45:in `invoke'&#xD;
/Users/user/.rvm/gems/ruby-2.5.2/gems/rspec-core-3.7.1/exe/rspec:4:in `&lt;top (required)&gt;'&#xD;
/Users/user/.rvm/gems/ruby-2.5.2/bin/rspec:23:in `load'&#xD;
/Users/user/.rvm/gems/ruby-2.5.2/bin/rspec:23:in `&lt;main&gt;'&#xD;
/Users/user/.rvm/gems/ruby-2.5.2/bin/ruby_executable_hooks:24:in `eval'&#xD;
/Users/user/.rvm/gems/ruby-2.5.2/bin/ruby_executable_hooks:24:in `&lt;main&gt;'</stack-trace>
      </failure>
      <steps/>
      <attachments/>
      <labels>
        <label name="thread" value="70132248596060"/>
        <label name="host" value="FDLMC1414.local"/>
      </labels>
      <parameters/>
    </test-case>
    <test-case start="1564570973273" stop="1564570973273" status="broken">
      <name>Api - Acceptance Criteria The remaining outstanding principal of one entry equals the initial outstanding principal of the following month</name>
      <title>Api - Acceptance Criteria The remaining outstanding principal of one entry equals the initial outstanding principal of the following month</title>
      <failure>
        <message>uninitialized constant Utility::Common</message>
        <stack-trace>/Users/user/Downloads/Ruby_Api_test/spec/skills/normalize_skillname_spec.rb:7:in `block (2 levels) in &lt;top (required)&gt;'&#xD;
/Users/user/.rvm/gems/ruby-2.5.2/gems/rspec-core-3.7.1/lib/rspec/core/hooks.rb:350:in `instance_exec'&#xD;
/Users/user/.rvm/gems/ruby-2.5.2/gems/rspec-core-3.7.1/lib/rspec/core/hooks.rb:350:in `run'&#xD;
/Users/user/.rvm/gems/ruby-2.5.2/gems/rspec-core-3.7.1/lib/rspec/core/hooks.rb:509:in `block in run_owned_hooks_for'&#xD;
/Users/user/.rvm/gems/ruby-2.5.2/gems/rspec-core-3.7.1/lib/rspec/core/hooks.rb:508:in `each'&#xD;
/Users/user/.rvm/gems/ruby-2.5.2/gems/rspec-core-3.7.1/lib/rspec/core/hooks.rb:508:in `run_owned_hooks_for'&#xD;
/Users/user/.rvm/gems/ruby-2.5.2/gems/rspec-core-3.7.1/lib/rspec/core/hooks.rb:460:in `run'&#xD;
/Users/user/.rvm/gems/ruby-2.5.2/gems/allure-rspec-0.8.0/lib/allure-rspec/hooks.rb:33:in `run'&#xD;
/Users/user/.rvm/gems/ruby-2.5.2/gems/rspec-core-3.7.1/lib/rspec/core/example_group.rb:537:in `block in run_before_context_hooks'&#xD;
/Users/user/.rvm/gems/ruby-2.5.2/gems/rspec-core-3.7.1/lib/rspec/core/memoized_helpers.rb:186:in `block in isolate_for_context_hook'&#xD;
/Users/user/.rvm/gems/ruby-2.5.2/gems/rspec-core-3.7.1/lib/rspec/core/memoized_helpers.rb:182:in `instance_exec'&#xD;
/Users/user/.rvm/gems/ruby-2.5.2/gems/rspec-core-3.7.1/lib/rspec/core/memoized_helpers.rb:182:in `isolate_for_context_hook'&#xD;
/Users/user/.rvm/gems/ruby-2.5.2/gems/rspec-core-3.7.1/lib/rspec/core/example_group.rb:536:in `run_before_context_hooks'&#xD;
/Users/user/.rvm/gems/ruby-2.5.2/gems/rspec-core-3.7.1/lib/rspec/core/example_group.rb:589:in `run'&#xD;
/Users/user/.rvm/gems/ruby-2.5.2/gems/rspec-core-3.7.1/lib/rspec/core/runner.rb:118:in `block (3 levels) in run_specs'&#xD;
/Users/user/.rvm/gems/ruby-2.5.2/gems/rspec-core-3.7.1/lib/rspec/core/runner.rb:118:in `map'&#xD;
/Users/user/.rvm/gems/ruby-2.5.2/gems/rspec-core-3.7.1/lib/rspec/core/runner.rb:118:in `block (2 levels) in run_specs'&#xD;
/Users/user/.rvm/gems/ruby-2.5.2/gems/rspec-core-3.7.1/lib/rspec/core/configuration.rb:1926:in `with_suite_hooks'&#xD;
/Users/user/.rvm/gems/ruby-2.5.2/gems/rspec-core-3.7.1/lib/rspec/core/runner.rb:113:in `block in run_specs'&#xD;
/Users/user/.rvm/gems/ruby-2.5.2/gems/rspec-core-3.7.1/lib/rspec/core/reporter.rb:79:in `report'&#xD;
/Users/user/.rvm/gems/ruby-2.5.2/gems/rspec-core-3.7.1/lib/rspec/core/runner.rb:112:in `run_specs'&#xD;
/Users/user/.rvm/gems/ruby-2.5.2/gems/rspec-core-3.7.1/lib/rspec/core/runner.rb:87:in `run'&#xD;
/Users/user/.rvm/gems/ruby-2.5.2/gems/rspec-core-3.7.1/lib/rspec/core/runner.rb:71:in `run'&#xD;
/Users/user/.rvm/gems/ruby-2.5.2/gems/rspec-core-3.7.1/lib/rspec/core/runner.rb:45:in `invoke'&#xD;
/Users/user/.rvm/gems/ruby-2.5.2/gems/rspec-core-3.7.1/exe/rspec:4:in `&lt;top (required)&gt;'&#xD;
/Users/user/.rvm/gems/ruby-2.5.2/bin/rspec:23:in `load'&#xD;
/Users/user/.rvm/gems/ruby-2.5.2/bin/rspec:23:in `&lt;main&gt;'&#xD;
/Users/user/.rvm/gems/ruby-2.5.2/bin/ruby_executable_hooks:24:in `eval'&#xD;
/Users/user/.rvm/gems/ruby-2.5.2/bin/ruby_executable_hooks:24:in `&lt;main&gt;'</stack-trace>
      </failure>
      <steps/>
      <attachments/>
      <labels>
        <label name="thread" value="70132248596060"/>
        <label name="host" value="FDLMC1414.local"/>
      </labels>
      <parameters/>
    </test-case>
    <test-case start="1564570973273" stop="1564570973273" status="broken">
      <name>Api - Acceptance Criteria The sum of all principal amounts in the schedule entries equals the total loan amount</name>
      <title>Api - Acceptance Criteria The sum of all principal amounts in the schedule entries equals the total loan amount</title>
      <failure>
        <message>uninitialized constant Utility::Common</message>
        <stack-trace>/Users/user/Downloads/Ruby_Api_test/spec/skills/normalize_skillname_spec.rb:7:in `block (2 levels) in &lt;top (required)&gt;'&#xD;
/Users/user/.rvm/gems/ruby-2.5.2/gems/rspec-core-3.7.1/lib/rspec/core/hooks.rb:350:in `instance_exec'&#xD;
/Users/user/.rvm/gems/ruby-2.5.2/gems/rspec-core-3.7.1/lib/rspec/core/hooks.rb:350:in `run'&#xD;
/Users/user/.rvm/gems/ruby-2.5.2/gems/rspec-core-3.7.1/lib/rspec/core/hooks.rb:509:in `block in run_owned_hooks_for'&#xD;
/Users/user/.rvm/gems/ruby-2.5.2/gems/rspec-core-3.7.1/lib/rspec/core/hooks.rb:508:in `each'&#xD;
/Users/user/.rvm/gems/ruby-2.5.2/gems/rspec-core-3.7.1/lib/rspec/core/hooks.rb:508:in `run_owned_hooks_for'&#xD;
/Users/user/.rvm/gems/ruby-2.5.2/gems/rspec-core-3.7.1/lib/rspec/core/hooks.rb:460:in `run'&#xD;
/Users/user/.rvm/gems/ruby-2.5.2/gems/allure-rspec-0.8.0/lib/allure-rspec/hooks.rb:33:in `run'&#xD;
/Users/user/.rvm/gems/ruby-2.5.2/gems/rspec-core-3.7.1/lib/rspec/core/example_group.rb:537:in `block in run_before_context_hooks'&#xD;
/Users/user/.rvm/gems/ruby-2.5.2/gems/rspec-core-3.7.1/lib/rspec/core/memoized_helpers.rb:186:in `block in isolate_for_context_hook'&#xD;
/Users/user/.rvm/gems/ruby-2.5.2/gems/rspec-core-3.7.1/lib/rspec/core/memoized_helpers.rb:182:in `instance_exec'&#xD;
/Users/user/.rvm/gems/ruby-2.5.2/gems/rspec-core-3.7.1/lib/rspec/core/memoized_helpers.rb:182:in `isolate_for_context_hook'&#xD;
/Users/user/.rvm/gems/ruby-2.5.2/gems/rspec-core-3.7.1/lib/rspec/core/example_group.rb:536:in `run_before_context_hooks'&#xD;
/Users/user/.rvm/gems/ruby-2.5.2/gems/rspec-core-3.7.1/lib/rspec/core/example_group.rb:589:in `run'&#xD;
/Users/user/.rvm/gems/ruby-2.5.2/gems/rspec-core-3.7.1/lib/rspec/core/runner.rb:118:in `block (3 levels) in run_specs'&#xD;
/Users/user/.rvm/gems/ruby-2.5.2/gems/rspec-core-3.7.1/lib/rspec/core/runner.rb:118:in `map'&#xD;
/Users/user/.rvm/gems/ruby-2.5.2/gems/rspec-core-3.7.1/lib/rspec/core/runner.rb:118:in `block (2 levels) in run_specs'&#xD;
/Users/user/.rvm/gems/ruby-2.5.2/gems/rspec-core-3.7.1/lib/rspec/core/configuration.rb:1926:in `with_suite_hooks'&#xD;
/Users/user/.rvm/gems/ruby-2.5.2/gems/rspec-core-3.7.1/lib/rspec/core/runner.rb:113:in `block in run_specs'&#xD;
/Users/user/.rvm/gems/ruby-2.5.2/gems/rspec-core-3.7.1/lib/rspec/core/reporter.rb:79:in `report'&#xD;
/Users/user/.rvm/gems/ruby-2.5.2/gems/rspec-core-3.7.1/lib/rspec/core/runner.rb:112:in `run_specs'&#xD;
/Users/user/.rvm/gems/ruby-2.5.2/gems/rspec-core-3.7.1/lib/rspec/core/runner.rb:87:in `run'&#xD;
/Users/user/.rvm/gems/ruby-2.5.2/gems/rspec-core-3.7.1/lib/rspec/core/runner.rb:71:in `run'&#xD;
/Users/user/.rvm/gems/ruby-2.5.2/gems/rspec-core-3.7.1/lib/rspec/core/runner.rb:45:in `invoke'&#xD;
/Users/user/.rvm/gems/ruby-2.5.2/gems/rspec-core-3.7.1/exe/rspec:4:in `&lt;top (required)&gt;'&#xD;
/Users/user/.rvm/gems/ruby-2.5.2/bin/rspec:23:in `load'&#xD;
/Users/user/.rvm/gems/ruby-2.5.2/bin/rspec:23:in `&lt;main&gt;'&#xD;
/Users/user/.rvm/gems/ruby-2.5.2/bin/ruby_executable_hooks:24:in `eval'&#xD;
/Users/user/.rvm/gems/ruby-2.5.2/bin/ruby_executable_hooks:24:in `&lt;main&gt;'</stack-trace>
      </failure>
      <steps/>
      <attachments/>
      <labels>
        <label name="thread" value="70132248596060"/>
        <label name="host" value="FDLMC1414.local"/>
      </labels>
      <parameters/>
    </test-case>
  </test-cases>
  <labels>
    <label name="thread" value="70132248596060"/>
    <label name="host" value="FDLMC1414.local"/>
  </labels>
</ns2:test-suite>
