<?xml version="1.0"?>
<ns2:test-suite xmlns="" xmlns:ns2="urn:model.allure.qatools.yandex.ru" start="1564567587337" stop="1564567597380">
  <name>Api - Acceptance Criteria</name>
  <title>Api - Acceptance Criteria</title>
  <test-cases>
    <test-case start="1564567592540" stop="1564567593915" status="passed">
      <name>Api - Acceptance Criteria The calculated borrower schedule must comply with the duration in months that was given as input</name>
      <title>Api - Acceptance Criteria The calculated borrower schedule must comply with the duration in months that was given as input</title>
      <steps/>
      <attachments/>
      <labels>
        <label name="thread" value="70174724320860"/>
        <label name="host" value="FDLMC1414.local"/>
      </labels>
      <parameters/>
    </test-case>
    <test-case start="1564567593916" stop="1564567594333" status="passed">
      <name>Api - Acceptance Criteria The total payment amount per month in a borrower schedule should equal the value from the annuity call</name>
      <title>Api - Acceptance Criteria The total payment amount per month in a borrower schedule should equal the value from the annuity call</title>
      <steps/>
      <attachments/>
      <labels>
        <label name="thread" value="70174724320860"/>
        <label name="host" value="FDLMC1414.local"/>
      </labels>
      <parameters/>
    </test-case>
    <test-case start="1564567594333" stop="1564567594746" status="failed">
      <name>Api - Acceptance Criteria The start date determines the first due date of the calculated schedule. We assume that each schedule entry is always due on the same day (i.e. start date 25.01.18 --&gt; first due date 25.02.18). If the day of the start date does not exist in one of the following months, for that installment (schedule entry) the due date must use the next available calendar day. This must not influence any follow-up schedule entry</name>
      <title>Api - Acceptance Criteria The start date determines the first due date of the calculated schedule. We assume that each schedule entry is always due on the same day (i.e. start date 25.01.18 --&gt; first due date 25.02.18). If the day of the start date does not exist in one of the following months, for that installment (schedule entry) the due date must use the next available calendar day. This must not influence any follow-up schedule entry</title>
      <failure>
        <message>
expected: ["2018-01-29", "2018-03-01", "2018-04-01", "2018-05-01", "2018-06-01", "2018-07-01", "2018-08-01", "2...", "2019-08-01", "2019-09-01", "2019-10-01", "2019-11-01", "2019-12-01", "2020-01-01", "2020-02-01"]
     got: ["2018-01-29", "2018-03-01", "2018-04-01", "2018-05-01", "2018-06-01", "2018-07-01", "2018-08-01", "2...", "2019-07-01", "2019-08-01", "2019-09-01", "2019-10-01", "2019-11-01", "2019-12-01", "2020-01-01"]

(compared using ==)
</message>
        <stack-trace>/Users/user/.rvm/gems/ruby-2.5.2/gems/rspec-support-3.7.1/lib/rspec/support.rb:97:in `block in &lt;module:Support&gt;'&#xD;
/Users/user/.rvm/gems/ruby-2.5.2/gems/rspec-support-3.7.1/lib/rspec/support.rb:106:in `notify_failure'&#xD;
/Users/user/.rvm/gems/ruby-2.5.2/gems/rspec-expectations-3.7.0/lib/rspec/expectations/fail_with.rb:35:in `fail_with'&#xD;
/Users/user/.rvm/gems/ruby-2.5.2/gems/rspec-expectations-3.7.0/lib/rspec/expectations/handler.rb:38:in `handle_failure'&#xD;
/Users/user/.rvm/gems/ruby-2.5.2/gems/rspec-expectations-3.7.0/lib/rspec/expectations/handler.rb:50:in `block in handle_matcher'&#xD;
/Users/user/.rvm/gems/ruby-2.5.2/gems/rspec-expectations-3.7.0/lib/rspec/expectations/handler.rb:27:in `with_matcher'&#xD;
/Users/user/.rvm/gems/ruby-2.5.2/gems/rspec-expectations-3.7.0/lib/rspec/expectations/handler.rb:48:in `handle_matcher'&#xD;
/Users/user/.rvm/gems/ruby-2.5.2/gems/rspec-expectations-3.7.0/lib/rspec/expectations/expectation_target.rb:65:in `to'&#xD;
/Users/user/Downloads/Ruby_Api_test/spec/skills/normalize_skillname_spec.rb:69:in `block (2 levels) in &lt;top (required)&gt;'&#xD;
/Users/user/.rvm/gems/ruby-2.5.2/gems/rspec-core-3.7.1/lib/rspec/core/example.rb:254:in `instance_exec'&#xD;
/Users/user/.rvm/gems/ruby-2.5.2/gems/rspec-core-3.7.1/lib/rspec/core/example.rb:254:in `block in run'&#xD;
/Users/user/.rvm/gems/ruby-2.5.2/gems/rspec-core-3.7.1/lib/rspec/core/example.rb:500:in `block in with_around_and_singleton_context_hooks'&#xD;
/Users/user/.rvm/gems/ruby-2.5.2/gems/rspec-core-3.7.1/lib/rspec/core/example.rb:457:in `block in with_around_example_hooks'&#xD;
/Users/user/.rvm/gems/ruby-2.5.2/gems/rspec-core-3.7.1/lib/rspec/core/hooks.rb:466:in `block in run'&#xD;
/Users/user/.rvm/gems/ruby-2.5.2/gems/rspec-core-3.7.1/lib/rspec/core/hooks.rb:604:in `run_around_example_hooks_for'&#xD;
/Users/user/.rvm/gems/ruby-2.5.2/gems/rspec-core-3.7.1/lib/rspec/core/hooks.rb:466:in `run'&#xD;
/Users/user/.rvm/gems/ruby-2.5.2/gems/allure-rspec-0.8.0/lib/allure-rspec/hooks.rb:33:in `run'&#xD;
/Users/user/.rvm/gems/ruby-2.5.2/gems/rspec-core-3.7.1/lib/rspec/core/example.rb:457:in `with_around_example_hooks'&#xD;
/Users/user/.rvm/gems/ruby-2.5.2/gems/rspec-core-3.7.1/lib/rspec/core/example.rb:500:in `with_around_and_singleton_context_hooks'&#xD;
/Users/user/.rvm/gems/ruby-2.5.2/gems/rspec-core-3.7.1/lib/rspec/core/example.rb:251:in `run'&#xD;
/Users/user/.rvm/gems/ruby-2.5.2/gems/rspec-core-3.7.1/lib/rspec/core/example_group.rb:628:in `block in run_examples'&#xD;
/Users/user/.rvm/gems/ruby-2.5.2/gems/rspec-core-3.7.1/lib/rspec/core/example_group.rb:624:in `map'&#xD;
/Users/user/.rvm/gems/ruby-2.5.2/gems/rspec-core-3.7.1/lib/rspec/core/example_group.rb:624:in `run_examples'&#xD;
/Users/user/.rvm/gems/ruby-2.5.2/gems/rspec-core-3.7.1/lib/rspec/core/example_group.rb:590:in `run'&#xD;
/Users/user/.rvm/gems/ruby-2.5.2/gems/rspec-core-3.7.1/lib/rspec/core/runner.rb:118:in `block (3 levels) in run_specs'&#xD;
/Users/user/.rvm/gems/ruby-2.5.2/gems/rspec-core-3.7.1/lib/rspec/core/runner.rb:118:in `map'&#xD;
/Users/user/.rvm/gems/ruby-2.5.2/gems/rspec-core-3.7.1/lib/rspec/core/runner.rb:118:in `block (2 levels) in run_specs'&#xD;
/Users/user/.rvm/gems/ruby-2.5.2/gems/rspec-core-3.7.1/lib/rspec/core/configuration.rb:1926:in `with_suite_hooks'&#xD;
/Users/user/.rvm/gems/ruby-2.5.2/gems/rspec-core-3.7.1/lib/rspec/core/runner.rb:113:in `block in run_specs'&#xD;
/Users/user/.rvm/gems/ruby-2.5.2/gems/rspec-core-3.7.1/lib/rspec/core/reporter.rb:79:in `report'&#xD;
/Users/user/.rvm/gems/ruby-2.5.2/gems/rspec-core-3.7.1/lib/rspec/core/runner.rb:112:in `run_specs'&#xD;
/Users/user/.rvm/gems/ruby-2.5.2/gems/rspec-core-3.7.1/lib/rspec/core/runner.rb:87:in `run'&#xD;
/Users/user/.rvm/gems/ruby-2.5.2/gems/rspec-core-3.7.1/lib/rspec/core/runner.rb:71:in `run'&#xD;
/Users/user/.rvm/gems/ruby-2.5.2/gems/rspec-core-3.7.1/lib/rspec/core/runner.rb:45:in `invoke'&#xD;
/Users/user/.rvm/gems/ruby-2.5.2/gems/rspec-core-3.7.1/exe/rspec:4:in `&lt;top (required)&gt;'&#xD;
/Users/user/.rvm/gems/ruby-2.5.2/bin/rspec:23:in `load'&#xD;
/Users/user/.rvm/gems/ruby-2.5.2/bin/rspec:23:in `&lt;main&gt;'&#xD;
/Users/user/.rvm/gems/ruby-2.5.2/bin/ruby_executable_hooks:24:in `eval'&#xD;
/Users/user/.rvm/gems/ruby-2.5.2/bin/ruby_executable_hooks:24:in `&lt;main&gt;'</stack-trace>
      </failure>
      <steps/>
      <attachments/>
      <labels>
        <label name="thread" value="70174724320860"/>
        <label name="host" value="FDLMC1414.local"/>
      </labels>
      <parameters/>
    </test-case>
    <test-case start="1564567595156" stop="1564567595589" status="passed">
      <name>Api - Acceptance Criteria The interest calculation complies with a simplified version of a 30/360 day count convention. (Every full month is counted as 30 days)</name>
      <title>Api - Acceptance Criteria The interest calculation complies with a simplified version of a 30/360 day count convention. (Every full month is counted as 30 days)</title>
      <steps/>
      <attachments/>
      <labels>
        <label name="thread" value="70174724320860"/>
        <label name="host" value="FDLMC1414.local"/>
      </labels>
      <parameters/>
    </test-case>
    <test-case start="1564567595590" stop="1564567596007" status="broken">
      <name>Api - Acceptance Criteria If there are installments which do not cover a full month, every day has to be taken into account for interest calculation</name>
      <title>Api - Acceptance Criteria If there are installments which do not cover a full month, every day has to be taken into account for interest calculation</title>
      <failure>
        <message>undefined local variable or method `e' for #&lt;RSpec::ExampleGroups::ApiAcceptanceCriteria:0x00007fa5b0478e40&gt;
Did you mean?  eq</message>
        <stack-trace>/Users/user/.rvm/gems/ruby-2.5.2/gems/rspec-expectations-3.7.0/lib/rspec/matchers.rb:960:in `method_missing'&#xD;
/Users/user/.rvm/gems/ruby-2.5.2/gems/rspec-core-3.7.1/lib/rspec/core/example_group.rb:748:in `method_missing'&#xD;
/Users/user/Downloads/Ruby_Api_test/spec/skills/normalize_skillname_spec.rb:99:in `block (2 levels) in &lt;top (required)&gt;'&#xD;
/Users/user/.rvm/gems/ruby-2.5.2/gems/rspec-core-3.7.1/lib/rspec/core/example.rb:254:in `instance_exec'&#xD;
/Users/user/.rvm/gems/ruby-2.5.2/gems/rspec-core-3.7.1/lib/rspec/core/example.rb:254:in `block in run'&#xD;
/Users/user/.rvm/gems/ruby-2.5.2/gems/rspec-core-3.7.1/lib/rspec/core/example.rb:500:in `block in with_around_and_singleton_context_hooks'&#xD;
/Users/user/.rvm/gems/ruby-2.5.2/gems/rspec-core-3.7.1/lib/rspec/core/example.rb:457:in `block in with_around_example_hooks'&#xD;
/Users/user/.rvm/gems/ruby-2.5.2/gems/rspec-core-3.7.1/lib/rspec/core/hooks.rb:466:in `block in run'&#xD;
/Users/user/.rvm/gems/ruby-2.5.2/gems/rspec-core-3.7.1/lib/rspec/core/hooks.rb:604:in `run_around_example_hooks_for'&#xD;
/Users/user/.rvm/gems/ruby-2.5.2/gems/rspec-core-3.7.1/lib/rspec/core/hooks.rb:466:in `run'&#xD;
/Users/user/.rvm/gems/ruby-2.5.2/gems/allure-rspec-0.8.0/lib/allure-rspec/hooks.rb:33:in `run'&#xD;
/Users/user/.rvm/gems/ruby-2.5.2/gems/rspec-core-3.7.1/lib/rspec/core/example.rb:457:in `with_around_example_hooks'&#xD;
/Users/user/.rvm/gems/ruby-2.5.2/gems/rspec-core-3.7.1/lib/rspec/core/example.rb:500:in `with_around_and_singleton_context_hooks'&#xD;
/Users/user/.rvm/gems/ruby-2.5.2/gems/rspec-core-3.7.1/lib/rspec/core/example.rb:251:in `run'&#xD;
/Users/user/.rvm/gems/ruby-2.5.2/gems/rspec-core-3.7.1/lib/rspec/core/example_group.rb:628:in `block in run_examples'&#xD;
/Users/user/.rvm/gems/ruby-2.5.2/gems/rspec-core-3.7.1/lib/rspec/core/example_group.rb:624:in `map'&#xD;
/Users/user/.rvm/gems/ruby-2.5.2/gems/rspec-core-3.7.1/lib/rspec/core/example_group.rb:624:in `run_examples'&#xD;
/Users/user/.rvm/gems/ruby-2.5.2/gems/rspec-core-3.7.1/lib/rspec/core/example_group.rb:590:in `run'&#xD;
/Users/user/.rvm/gems/ruby-2.5.2/gems/rspec-core-3.7.1/lib/rspec/core/runner.rb:118:in `block (3 levels) in run_specs'&#xD;
/Users/user/.rvm/gems/ruby-2.5.2/gems/rspec-core-3.7.1/lib/rspec/core/runner.rb:118:in `map'&#xD;
/Users/user/.rvm/gems/ruby-2.5.2/gems/rspec-core-3.7.1/lib/rspec/core/runner.rb:118:in `block (2 levels) in run_specs'&#xD;
/Users/user/.rvm/gems/ruby-2.5.2/gems/rspec-core-3.7.1/lib/rspec/core/configuration.rb:1926:in `with_suite_hooks'&#xD;
/Users/user/.rvm/gems/ruby-2.5.2/gems/rspec-core-3.7.1/lib/rspec/core/runner.rb:113:in `block in run_specs'&#xD;
/Users/user/.rvm/gems/ruby-2.5.2/gems/rspec-core-3.7.1/lib/rspec/core/reporter.rb:79:in `report'&#xD;
/Users/user/.rvm/gems/ruby-2.5.2/gems/rspec-core-3.7.1/lib/rspec/core/runner.rb:112:in `run_specs'&#xD;
/Users/user/.rvm/gems/ruby-2.5.2/gems/rspec-core-3.7.1/lib/rspec/core/runner.rb:87:in `run'&#xD;
/Users/user/.rvm/gems/ruby-2.5.2/gems/rspec-core-3.7.1/lib/rspec/core/runner.rb:71:in `run'&#xD;
/Users/user/.rvm/gems/ruby-2.5.2/gems/rspec-core-3.7.1/lib/rspec/core/runner.rb:45:in `invoke'&#xD;
/Users/user/.rvm/gems/ruby-2.5.2/gems/rspec-core-3.7.1/exe/rspec:4:in `&lt;top (required)&gt;'&#xD;
/Users/user/.rvm/gems/ruby-2.5.2/bin/rspec:23:in `load'&#xD;
/Users/user/.rvm/gems/ruby-2.5.2/bin/rspec:23:in `&lt;main&gt;'&#xD;
/Users/user/.rvm/gems/ruby-2.5.2/bin/ruby_executable_hooks:24:in `eval'&#xD;
/Users/user/.rvm/gems/ruby-2.5.2/bin/ruby_executable_hooks:24:in `&lt;main&gt;'</stack-trace>
      </failure>
      <steps/>
      <attachments/>
      <labels>
        <label name="thread" value="70174724320860"/>
        <label name="host" value="FDLMC1414.local"/>
      </labels>
      <parameters/>
    </test-case>
    <test-case start="1564567596409" stop="1564567596936" status="passed">
      <name>Api - Acceptance Criteria The remaining outstanding principal of one entry equals the initial outstanding principal of the following month</name>
      <title>Api - Acceptance Criteria The remaining outstanding principal of one entry equals the initial outstanding principal of the following month</title>
      <steps/>
      <attachments/>
      <labels>
        <label name="thread" value="70174724320860"/>
        <label name="host" value="FDLMC1414.local"/>
      </labels>
      <parameters/>
    </test-case>
    <test-case start="1564567596937" stop="1564567597380" status="passed">
      <name>Api - Acceptance Criteria The sum of all principal amounts in the schedule entries equals the total loan amount</name>
      <title>Api - Acceptance Criteria The sum of all principal amounts in the schedule entries equals the total loan amount</title>
      <steps/>
      <attachments/>
      <labels>
        <label name="thread" value="70174724320860"/>
        <label name="host" value="FDLMC1414.local"/>
      </labels>
      <parameters/>
    </test-case>
  </test-cases>
  <labels>
    <label name="thread" value="70174724320860"/>
    <label name="host" value="FDLMC1414.local"/>
  </labels>
</ns2:test-suite>
